<?xml version="1.0" encoding="UTF-8" ?>
<testsuite errors="0" failures="0" hostname="AMENTRAR84A27L" name="games.strategy.triplea.delegate.WW2V3_41_Test" tests="53" time="4.687" timestamp="2013-10-30T04:26:49">
  <properties>
    <property name="java.vendor" value="Sun Microsystems Inc." />
    <property name="sun.java.launcher" value="SUN_STANDARD" />
    <property name="eclipse.pdebuild.templates" value="/C:/Users/AMENTRA-R84A27L/eclipse-3.6/plugins/org.eclipse.pde.build_3.6.2.R36x_20110203/templates/" />
    <property name="sun.management.compiler" value="HotSpot 64-Bit Tiered Compilers" />
    <property name="os.name" value="Windows 7" />
    <property name="sun.boot.class.path" value="C:\Program Files\Java\jre6\lib\resources.jar;C:\Program Files\Java\jre6\lib\rt.jar;C:\Program Files\Java\jre6\lib\sunrsasign.jar;C:\Program Files\Java\jre6\lib\jsse.jar;C:\Program Files\Java\jre6\lib\jce.jar;C:\Program Files\Java\jre6\lib\charsets.jar;C:\Program Files\Java\jre6\lib\modules\jdk.boot.jar;C:\Program Files\Java\jre6\classes" />
    <property name="test-classes" value="C:\Users\Ron\Desktop\TripleA Workspace\triplea\testclasses" />
    <property name="sun.desktop" value="windows" />
    <property name="java.vm.specification.vendor" value="Sun Microsystems Inc." />
    <property name="ant.home" value="C:\Users\AMENTRA-R84A27L\eclipse-3.6\plugins\org.apache.ant_1.7.1.v20100518-1145" />
    <property name="java.runtime.version" value="1.6.0_37-b06" />
    <property name="ant.file.TripleA" value="C:\Users\Ron\Desktop\TripleA Workspace\triplea\build.xml" />
    <property name="user.name" value="Ron" />
    <property name="user.language" value="en" />
    <property name="build" value="C:\Users\Ron\Desktop\TripleA Workspace\triplea\temp-build" />
    <property name="sun.boot.library.path" value="C:\Program Files\Java\jre6\bin" />
    <property name="ant.project.name" value="TripleA" />
    <property name="java.version" value="1.6.0_37" />
    <property name="classes" value="C:\Users\Ron\Desktop\TripleA Workspace\triplea\classes" />
    <property name="user.timezone" value="" />
    <property name="bin" value="C:\Users\Ron\Desktop\TripleA Workspace\triplea\bin" />
    <property name="sun.arch.data.model" value="64" />
    <property name="java.endorsed.dirs" value="C:\Program Files\Java\jre6\lib\endorsed" />
    <property name="sun.cpu.isalist" value="amd64" />
    <property name="sun.jnu.encoding" value="Cp1252" />
    <property name="file.encoding.pkg" value="sun.io" />
    <property name="file.separator" value="\" />
    <property name="java.specification.name" value="Java Platform API Specification" />
    <property name="java.class.version" value="50.0" />
    <property name="src" value="C:\Users\Ron\Desktop\TripleA Workspace\triplea\src" />
    <property name="user.country" value="US" />
    <property name="java.home" value="C:\Program Files\Java\jre6" />
    <property name="java.vm.info" value="mixed mode" />
    <property name="ant.file" value="C:\Users\Ron\Desktop\TripleA Workspace\triplea\build.xml" />
    <property name="os.version" value="6.1" />
    <property name="junit-result-dir" value="C:\Users\Ron\Desktop\TripleA Workspace\triplea\test-results" />
    <property name="path.separator" value=";" />
    <property name="java.vm.version" value="20.12-b01" />
    <property name="release" value="C:\Users\Ron\Desktop\TripleA Workspace\triplea\release" />
    <property name="user.variant" value="" />
    <property name="ant.library.dir" value="C:\Users\AMENTRA-R84A27L\eclipse-3.6\plugins\org.apache.ant_1.7.1.v20100518-1145\lib" />
    <property name="java.awt.printerjob" value="sun.awt.windows.WPrinterJob" />
    <property name="sun.io.unicode.encoding" value="UnicodeLittle" />
    <property name="awt.toolkit" value="sun.awt.windows.WToolkit" />
    <property name="eclipse.pdebuild.scripts" value="/C:/Users/AMENTRA-R84A27L/eclipse-3.6/plugins/org.eclipse.pde.build_3.6.2.R36x_20110203/scripts/" />
    <property name="triplea.version" value="1_7_0_3" />
    <property name="user.home" value="C:\Users\Ron" />
    <property name="java.specification.vendor" value="Sun Microsystems Inc." />
    <property name="zip.prefix" value="triplea_1_7_0_3" />
    <property name="java.library.path" value="C:\Program Files\Java\jre6\bin;C:\Windows\Sun\Java\bin;C:\Windows\system32;C:\Windows;C:\Program Files (x86)\NVIDIA Corporation\PhysX\Common;C:\Program Files (x86)\RSA SecurID Token Common;C:\Users\AMENTRA-R84A27L\OracleClient;C:\Program Files\Common Files\Microsoft Shared\Windows Live;C:\Program Files (x86)\Common Files\Microsoft Shared\Windows Live;C:\Windows\system32;C:\Windows;C:\Windows\System32\Wbem;C:\Windows\System32\WindowsPowerShell\v1.0\;C:\Program Files\ThinkPad\Bluetooth Software\;C:\Program Files\ThinkPad\Bluetooth Software\syswow64;C:\Program Files\Intel\WiFi\bin\;C:\Program Files\Common Files\Intel\WirelessCommon\;C:\Program Files (x86)\Common Files\Lenovo;C:\Program Files (x86)\Common Files\Ulead Systems\MPEG;C:\Program Files (x86)\Lenovo\Access Connections\;c:\Program Files (x86)\Microsoft SQL Server\90\Tools\binn\;C:\Users\AMENTRA-R84A27L\apache-ant-1.8.1\bin;C:\Program Files (x86)\MySQL\MySQL Server 5.1\bin;C:\Program Files (x86)\Windows Live\Shared;C:\Program Files (x86)\QuickTime\QTSystem\;C:\Users\AMENTRA-R84A27L\MySQL\bin;C:\Program Files\TortoiseSVN\bin;C:\Program Files (x86)\Seapine\Surround SCM;." />
    <property name="java.vendor.url" value="http://java.sun.com/" />
    <property name="java.vm.vendor" value="Sun Microsystems Inc." />
    <property name="java.runtime.name" value="Java(TM) SE Runtime Environment" />
    <property name="sun.java.command" value="org.apache.tools.ant.taskdefs.optional.junit.JUnitTestRunner games.strategy.triplea.delegate.WW2V3_41_Test filtertrace=true haltOnError=false haltOnFailure=false formatter=org.apache.tools.ant.taskdefs.optional.junit.SummaryJUnitResultFormatter showoutput=false outputtoformatters=true logtestlistenerevents=true formatter=org.apache.tools.ant.taskdefs.optional.junit.PlainJUnitResultFormatter,C:\Users\Ron\Desktop\TripleA Workspace\triplea\test-results\TEST-games.strategy.triplea.delegate.WW2V3_41_Test.txt formatter=org.apache.tools.ant.taskdefs.optional.junit.XMLJUnitResultFormatter,C:\Users\Ron\Desktop\TripleA Workspace\triplea\test-results\TEST-games.strategy.triplea.delegate.WW2V3_41_Test.xml crashfile=C:\Users\Ron\Desktop\TripleA Workspace\triplea\junitvmwatcher1335840191990711301.properties propsfile=C:\Users\Ron\Desktop\TripleA Workspace\triplea\junit3190560140705242773.properties" />
    <property name="java.class.path" value="C:\Users\Ron\Desktop\TripleA Workspace\triplea\testclasses;C:\Users\Ron\Desktop\TripleA Workspace\triplea\lib\AppleJavaExtensions.jar;C:\Users\Ron\Desktop\TripleA Workspace\triplea\lib\activation.jar;C:\Users\Ron\Desktop\TripleA Workspace\triplea\lib\commons-codec-1.3.jar;C:\Users\Ron\Desktop\TripleA Workspace\triplea\lib\commons-httpclient-3.0.1.jar;C:\Users\Ron\Desktop\TripleA Workspace\triplea\lib\commons-logging-1.1.jar;C:\Users\Ron\Desktop\TripleA Workspace\triplea\lib\mailapi.jar;C:\Users\Ron\Desktop\TripleA Workspace\triplea\lib\smtp.jar;C:\Users\Ron\Desktop\TripleA Workspace\triplea\lib\substance-5.3.jar;C:\Users\Ron\Desktop\TripleA Workspace\triplea\lib\upnp.jar;C:\Users\Ron\Desktop\TripleA Workspace\triplea\classes;C:\Users\Ron\Desktop\TripleA Workspace\triplea\lib\derby_10_1_2.jar;C:\Users\Ron\Desktop\TripleA Workspace\triplea\lib\junit.jar;C:\Users\Ron\Desktop\TripleA Workspace\triplea;C:\Program Files (x86)\Java\jre6\lib\ext\QTJava.zip;C:\Users\AMENTRA-R84A27L\eclipse-3.6\plugins\org.apache.ant_1.7.1.v20100518-1145\lib\ant-launcher.jar;C:\Users\AMENTRA-R84A27L\eclipse-3.6\plugins\org.apache.ant_1.7.1.v20100518-1145\lib\ant.jar;C:\Users\AMENTRA-R84A27L\eclipse-3.6\plugins\org.apache.ant_1.7.1.v20100518-1145\lib\ant-junit.jar" />
    <property name="ant.version" value="Apache Ant version 1.7.1 compiled on June 27 2008" />
    <property name="java.vm.specification.name" value="Java Virtual Machine Specification" />
    <property name="java.vm.specification.version" value="1.0" />
    <property name="sun.cpu.endian" value="little" />
    <property name="test-src" value="C:\Users\Ron\Desktop\TripleA Workspace\triplea\test" />
    <property name="sun.os.patch.level" value="Service Pack 1" />
    <property name="tests" value="**/*Test" />
    <property name="eclipse.pdebuild.home" value="/C:/Users/AMENTRA-R84A27L/eclipse-3.6/plugins/org.eclipse.pde.build_3.6.2.R36x_20110203/./" />
    <property name="java.io.tmpdir" value="C:\Users\Ron\AppData\Local\Temp\" />
    <property name="java.vendor.url.bug" value="http://java.sun.com/cgi-bin/bugreport.cgi" />
    <property name="os.arch" value="amd64" />
    <property name="java.awt.graphicsenv" value="sun.awt.Win32GraphicsEnvironment" />
    <property name="java.ext.dirs" value="C:\Program Files\Java\jre6\lib\ext;C:\Windows\Sun\Java\lib\ext" />
    <property name="user.dir" value="C:\Users\Ron\Desktop\TripleA Workspace\triplea" />
    <property name="line.separator" value="
" />
    <property name="java.vm.name" value="Java HotSpot(TM) 64-Bit Server VM" />
    <property name="basedir" value="C:\Users\Ron\Desktop\TripleA Workspace\triplea" />
    <property name="ant.java.version" value="1.6" />
    <property name="ant.core.lib" value="C:\Users\AMENTRA-R84A27L\eclipse-3.6\plugins\org.apache.ant_1.7.1.v20100518-1145\lib\ant.jar" />
    <property name="file.encoding" value="Cp1252" />
    <property name="java.specification.version" value="1.6" />
  </properties>
  <testcase classname="games.strategy.triplea.delegate.WW2V3_41_Test" name="testAACasualtiesLowLuckMixedRadar" time="1.002" />
  <testcase classname="games.strategy.triplea.delegate.WW2V3_41_Test" name="testAACasualtiesLowLuckMixedWithRollingRadar" time="0.317" />
  <testcase classname="games.strategy.triplea.delegate.WW2V3_41_Test" name="testAACasualtiesLowLuckMixedWithRollingMissRadar" time="0.194" />
  <testcase classname="games.strategy.triplea.delegate.WW2V3_41_Test" name="testDefendingTrasnportsAutoKilled" time="0.318" />
  <testcase classname="games.strategy.triplea.delegate.WW2V3_41_Test" name="testUnplacedDie" time="0.115" />
  <testcase classname="games.strategy.triplea.delegate.WW2V3_41_Test" name="testPlaceEmpty" time="0.112" />
  <testcase classname="games.strategy.triplea.delegate.WW2V3_41_Test" name="testTechTokens" time="0.071" />
  <testcase classname="games.strategy.triplea.delegate.WW2V3_41_Test" name="testInfantryLoadOnlyTransports" time="0.159" />
  <testcase classname="games.strategy.triplea.delegate.WW2V3_41_Test" name="testLoadedTransportAttackKillsLoadedUnits" time="0.217" />
  <testcase classname="games.strategy.triplea.delegate.WW2V3_41_Test" name="testCanRetreatIntoEmptyEnemyTerritory" time="0.053" />
  <testcase classname="games.strategy.triplea.delegate.WW2V3_41_Test" name="testCanRetreatIntoBlitzedTerritory" time="0.075" />
  <testcase classname="games.strategy.triplea.delegate.WW2V3_41_Test" name="testCantBlitzFactoryOrAA" time="0.039" />
  <testcase classname="games.strategy.triplea.delegate.WW2V3_41_Test" name="testMultipleAAInTerritory" time="0.059" />
  <testcase classname="games.strategy.triplea.delegate.WW2V3_41_Test" name="testMechanizedInfantry" time="0.037" />
  <testcase classname="games.strategy.triplea.delegate.WW2V3_41_Test" name="testJetPower" time="0.043" />
  <testcase classname="games.strategy.triplea.delegate.WW2V3_41_Test" name="testBidPlace" time="0.048" />
  <testcase classname="games.strategy.triplea.delegate.WW2V3_41_Test" name="testFactoryPlace" time="0.041" />
  <testcase classname="games.strategy.triplea.delegate.WW2V3_41_Test" name="testChinesePlacement" time="0.035" />
  <testcase classname="games.strategy.triplea.delegate.WW2V3_41_Test" name="testPlaceInOccupiedSZ" time="0.043" />
  <testcase classname="games.strategy.triplea.delegate.WW2V3_41_Test" name="testMoveUnitsThroughSubs" time="0.032" />
  <testcase classname="games.strategy.triplea.delegate.WW2V3_41_Test" name="testMoveUnitsThroughTransports" time="0.038" />
  <testcase classname="games.strategy.triplea.delegate.WW2V3_41_Test" name="testLoadThroughSubs" time="0.043" />
  <testcase classname="games.strategy.triplea.delegate.WW2V3_41_Test" name="testAttackUndoAndAttackAgain" time="0.043" />
  <testcase classname="games.strategy.triplea.delegate.WW2V3_41_Test" name="testAttackSubsOnSubs" time="0.079" />
  <testcase classname="games.strategy.triplea.delegate.WW2V3_41_Test" name="testAttackSubsOnDestroyer" time="0.041" />
  <testcase classname="games.strategy.triplea.delegate.WW2V3_41_Test" name="testAttackDestroyerAndSubsAgainstSub" time="0.036" />
  <testcase classname="games.strategy.triplea.delegate.WW2V3_41_Test" name="testAttackDestroyerAndSubsAgainstSubAndDestroyer" time="0.049" />
  <testcase classname="games.strategy.triplea.delegate.WW2V3_41_Test" name="testLimitBombardtoNumberOfUnloaded" time="0.062" />
  <testcase classname="games.strategy.triplea.delegate.WW2V3_41_Test" name="testBombardStrengthVariable" time="0.041" />
  <testcase classname="games.strategy.triplea.delegate.WW2V3_41_Test" name="testAmphAttackUndoAndAttackAgainBombard" time="0.052" />
  <testcase classname="games.strategy.triplea.delegate.WW2V3_41_Test" name="testAAFireWithRadar" time="0.07" />
  <testcase classname="games.strategy.triplea.delegate.WW2V3_41_Test" name="testCarrierWithAlliedPlanes" time="0.039" />
  <testcase classname="games.strategy.triplea.delegate.WW2V3_41_Test" name="testAirCanLandWithAlliedFighters" time="0.043" />
  <testcase classname="games.strategy.triplea.delegate.WW2V3_41_Test" name="testMechInfSimple" time="0.033" />
  <testcase classname="games.strategy.triplea.delegate.WW2V3_41_Test" name="testMechInfUnitAlreadyMovedSimple" time="0.035" />
  <testcase classname="games.strategy.triplea.delegate.WW2V3_41_Test" name="testParatroopsWalkOnWater" time="0.031" />
  <testcase classname="games.strategy.triplea.delegate.WW2V3_41_Test" name="testBomberWithTankOverWaterParatroopers" time="0.033" />
  <testcase classname="games.strategy.triplea.delegate.WW2V3_41_Test" name="testBomberTankOverWater" time="0.033" />
  <testcase classname="games.strategy.triplea.delegate.WW2V3_41_Test" name="testMoveParatroopersAsNonPartroops" time="0.029" />
  <testcase classname="games.strategy.triplea.delegate.WW2V3_41_Test" name="testCantMoveParatroopersThatMovedPreviously" time="0.029" />
  <testcase classname="games.strategy.triplea.delegate.WW2V3_41_Test" name="testCantTransportParatroopersWithBombersThatMovedPreviously" time="0.06" />
  <testcase classname="games.strategy.triplea.delegate.WW2V3_41_Test" name="testMoveOneParatrooperPerBomber" time="0.049" />
  <testcase classname="games.strategy.triplea.delegate.WW2V3_41_Test" name="testParatroopersMoveTwice" time="0.032" />
  <testcase classname="games.strategy.triplea.delegate.WW2V3_41_Test" name="testParatroopersFlyOverBlitzedTerritory" time="0.04" />
  <testcase classname="games.strategy.triplea.delegate.WW2V3_41_Test" name="testAmphibAttackWithPlanesOnlyAskRetreatOnce" time="0.063" />
  <testcase classname="games.strategy.triplea.delegate.WW2V3_41_Test" name="testDefencelessTransportsDie" time="0.049" />
  <testcase classname="games.strategy.triplea.delegate.WW2V3_41_Test" name="testFighterLandsWhereCarrierCanBePlaced" time="0.052" />
  <testcase classname="games.strategy.triplea.delegate.WW2V3_41_Test" name="testFighterCantHoverWithNoCarrierToPlace" time="0.083" />
  <testcase classname="games.strategy.triplea.delegate.WW2V3_41_Test" name="testRepair" time="0.047" />
  <testcase classname="games.strategy.triplea.delegate.WW2V3_41_Test" name="testRepairMoreThanDamaged" time="0.026" />
  <testcase classname="games.strategy.triplea.delegate.WW2V3_41_Test" name="testOccupiedTerrOfAttachment" time="0.029" />
  <testcase classname="games.strategy.triplea.delegate.WW2V3_41_Test" name="testOccupiedTerrOfAttachmentWithCapital" time="0.031" />
  <testcase classname="games.strategy.triplea.delegate.WW2V3_41_Test" name="testTwoStepBlitz" time="0.029" />
  <system-out><![CDATA[]]></system-out>
  <system-err><![CDATA[]]></system-err>
</testsuite>
