<?xml version="1.0" encoding="UTF-8" ?>
<testsuite errors="0" failures="0" hostname="AMENTRAR84A27L" name="games.strategy.triplea.delegate.MoveDelegateTest" tests="59" time="4.706" timestamp="2013-10-30T04:26:17">
  <properties>
    <property name="java.vendor" value="Sun Microsystems Inc." />
    <property name="sun.java.launcher" value="SUN_STANDARD" />
    <property name="eclipse.pdebuild.templates" value="/C:/Users/AMENTRA-R84A27L/eclipse-3.6/plugins/org.eclipse.pde.build_3.6.2.R36x_20110203/templates/" />
    <property name="sun.management.compiler" value="HotSpot 64-Bit Tiered Compilers" />
    <property name="os.name" value="Windows 7" />
    <property name="sun.boot.class.path" value="C:\Program Files\Java\jre6\lib\resources.jar;C:\Program Files\Java\jre6\lib\rt.jar;C:\Program Files\Java\jre6\lib\sunrsasign.jar;C:\Program Files\Java\jre6\lib\jsse.jar;C:\Program Files\Java\jre6\lib\jce.jar;C:\Program Files\Java\jre6\lib\charsets.jar;C:\Program Files\Java\jre6\lib\modules\jdk.boot.jar;C:\Program Files\Java\jre6\classes" />
    <property name="test-classes" value="C:\Users\Ron\Desktop\TripleA Workspace\triplea\testclasses" />
    <property name="sun.desktop" value="windows" />
    <property name="java.vm.specification.vendor" value="Sun Microsystems Inc." />
    <property name="ant.home" value="C:\Users\AMENTRA-R84A27L\eclipse-3.6\plugins\org.apache.ant_1.7.1.v20100518-1145" />
    <property name="java.runtime.version" value="1.6.0_37-b06" />
    <property name="ant.file.TripleA" value="C:\Users\Ron\Desktop\TripleA Workspace\triplea\build.xml" />
    <property name="user.name" value="Ron" />
    <property name="user.language" value="en" />
    <property name="build" value="C:\Users\Ron\Desktop\TripleA Workspace\triplea\temp-build" />
    <property name="sun.boot.library.path" value="C:\Program Files\Java\jre6\bin" />
    <property name="ant.project.name" value="TripleA" />
    <property name="java.version" value="1.6.0_37" />
    <property name="classes" value="C:\Users\Ron\Desktop\TripleA Workspace\triplea\classes" />
    <property name="user.timezone" value="" />
    <property name="bin" value="C:\Users\Ron\Desktop\TripleA Workspace\triplea\bin" />
    <property name="sun.arch.data.model" value="64" />
    <property name="java.endorsed.dirs" value="C:\Program Files\Java\jre6\lib\endorsed" />
    <property name="sun.cpu.isalist" value="amd64" />
    <property name="sun.jnu.encoding" value="Cp1252" />
    <property name="file.encoding.pkg" value="sun.io" />
    <property name="file.separator" value="\" />
    <property name="java.specification.name" value="Java Platform API Specification" />
    <property name="java.class.version" value="50.0" />
    <property name="src" value="C:\Users\Ron\Desktop\TripleA Workspace\triplea\src" />
    <property name="user.country" value="US" />
    <property name="java.home" value="C:\Program Files\Java\jre6" />
    <property name="java.vm.info" value="mixed mode" />
    <property name="ant.file" value="C:\Users\Ron\Desktop\TripleA Workspace\triplea\build.xml" />
    <property name="os.version" value="6.1" />
    <property name="junit-result-dir" value="C:\Users\Ron\Desktop\TripleA Workspace\triplea\test-results" />
    <property name="path.separator" value=";" />
    <property name="java.vm.version" value="20.12-b01" />
    <property name="release" value="C:\Users\Ron\Desktop\TripleA Workspace\triplea\release" />
    <property name="user.variant" value="" />
    <property name="ant.library.dir" value="C:\Users\AMENTRA-R84A27L\eclipse-3.6\plugins\org.apache.ant_1.7.1.v20100518-1145\lib" />
    <property name="java.awt.printerjob" value="sun.awt.windows.WPrinterJob" />
    <property name="sun.io.unicode.encoding" value="UnicodeLittle" />
    <property name="awt.toolkit" value="sun.awt.windows.WToolkit" />
    <property name="eclipse.pdebuild.scripts" value="/C:/Users/AMENTRA-R84A27L/eclipse-3.6/plugins/org.eclipse.pde.build_3.6.2.R36x_20110203/scripts/" />
    <property name="triplea.version" value="1_7_0_3" />
    <property name="user.home" value="C:\Users\Ron" />
    <property name="java.specification.vendor" value="Sun Microsystems Inc." />
    <property name="zip.prefix" value="triplea_1_7_0_3" />
    <property name="java.library.path" value="C:\Program Files\Java\jre6\bin;C:\Windows\Sun\Java\bin;C:\Windows\system32;C:\Windows;C:\Program Files (x86)\NVIDIA Corporation\PhysX\Common;C:\Program Files (x86)\RSA SecurID Token Common;C:\Users\AMENTRA-R84A27L\OracleClient;C:\Program Files\Common Files\Microsoft Shared\Windows Live;C:\Program Files (x86)\Common Files\Microsoft Shared\Windows Live;C:\Windows\system32;C:\Windows;C:\Windows\System32\Wbem;C:\Windows\System32\WindowsPowerShell\v1.0\;C:\Program Files\ThinkPad\Bluetooth Software\;C:\Program Files\ThinkPad\Bluetooth Software\syswow64;C:\Program Files\Intel\WiFi\bin\;C:\Program Files\Common Files\Intel\WirelessCommon\;C:\Program Files (x86)\Common Files\Lenovo;C:\Program Files (x86)\Common Files\Ulead Systems\MPEG;C:\Program Files (x86)\Lenovo\Access Connections\;c:\Program Files (x86)\Microsoft SQL Server\90\Tools\binn\;C:\Users\AMENTRA-R84A27L\apache-ant-1.8.1\bin;C:\Program Files (x86)\MySQL\MySQL Server 5.1\bin;C:\Program Files (x86)\Windows Live\Shared;C:\Program Files (x86)\QuickTime\QTSystem\;C:\Users\AMENTRA-R84A27L\MySQL\bin;C:\Program Files\TortoiseSVN\bin;C:\Program Files (x86)\Seapine\Surround SCM;." />
    <property name="java.vendor.url" value="http://java.sun.com/" />
    <property name="java.vm.vendor" value="Sun Microsystems Inc." />
    <property name="java.runtime.name" value="Java(TM) SE Runtime Environment" />
    <property name="sun.java.command" value="org.apache.tools.ant.taskdefs.optional.junit.JUnitTestRunner games.strategy.triplea.delegate.MoveDelegateTest filtertrace=true haltOnError=false haltOnFailure=false formatter=org.apache.tools.ant.taskdefs.optional.junit.SummaryJUnitResultFormatter showoutput=false outputtoformatters=true logtestlistenerevents=true formatter=org.apache.tools.ant.taskdefs.optional.junit.PlainJUnitResultFormatter,C:\Users\Ron\Desktop\TripleA Workspace\triplea\test-results\TEST-games.strategy.triplea.delegate.MoveDelegateTest.txt formatter=org.apache.tools.ant.taskdefs.optional.junit.XMLJUnitResultFormatter,C:\Users\Ron\Desktop\TripleA Workspace\triplea\test-results\TEST-games.strategy.triplea.delegate.MoveDelegateTest.xml crashfile=C:\Users\Ron\Desktop\TripleA Workspace\triplea\junitvmwatcher1750164773939421959.properties propsfile=C:\Users\Ron\Desktop\TripleA Workspace\triplea\junit2472625427724304068.properties" />
    <property name="java.class.path" value="C:\Users\Ron\Desktop\TripleA Workspace\triplea\testclasses;C:\Users\Ron\Desktop\TripleA Workspace\triplea\lib\AppleJavaExtensions.jar;C:\Users\Ron\Desktop\TripleA Workspace\triplea\lib\activation.jar;C:\Users\Ron\Desktop\TripleA Workspace\triplea\lib\commons-codec-1.3.jar;C:\Users\Ron\Desktop\TripleA Workspace\triplea\lib\commons-httpclient-3.0.1.jar;C:\Users\Ron\Desktop\TripleA Workspace\triplea\lib\commons-logging-1.1.jar;C:\Users\Ron\Desktop\TripleA Workspace\triplea\lib\mailapi.jar;C:\Users\Ron\Desktop\TripleA Workspace\triplea\lib\smtp.jar;C:\Users\Ron\Desktop\TripleA Workspace\triplea\lib\substance-5.3.jar;C:\Users\Ron\Desktop\TripleA Workspace\triplea\lib\upnp.jar;C:\Users\Ron\Desktop\TripleA Workspace\triplea\classes;C:\Users\Ron\Desktop\TripleA Workspace\triplea\lib\derby_10_1_2.jar;C:\Users\Ron\Desktop\TripleA Workspace\triplea\lib\junit.jar;C:\Users\Ron\Desktop\TripleA Workspace\triplea;C:\Program Files (x86)\Java\jre6\lib\ext\QTJava.zip;C:\Users\AMENTRA-R84A27L\eclipse-3.6\plugins\org.apache.ant_1.7.1.v20100518-1145\lib\ant-launcher.jar;C:\Users\AMENTRA-R84A27L\eclipse-3.6\plugins\org.apache.ant_1.7.1.v20100518-1145\lib\ant.jar;C:\Users\AMENTRA-R84A27L\eclipse-3.6\plugins\org.apache.ant_1.7.1.v20100518-1145\lib\ant-junit.jar" />
    <property name="ant.version" value="Apache Ant version 1.7.1 compiled on June 27 2008" />
    <property name="java.vm.specification.name" value="Java Virtual Machine Specification" />
    <property name="java.vm.specification.version" value="1.0" />
    <property name="sun.cpu.endian" value="little" />
    <property name="test-src" value="C:\Users\Ron\Desktop\TripleA Workspace\triplea\test" />
    <property name="sun.os.patch.level" value="Service Pack 1" />
    <property name="tests" value="**/*Test" />
    <property name="eclipse.pdebuild.home" value="/C:/Users/AMENTRA-R84A27L/eclipse-3.6/plugins/org.eclipse.pde.build_3.6.2.R36x_20110203/./" />
    <property name="java.io.tmpdir" value="C:\Users\Ron\AppData\Local\Temp\" />
    <property name="java.vendor.url.bug" value="http://java.sun.com/cgi-bin/bugreport.cgi" />
    <property name="os.arch" value="amd64" />
    <property name="java.awt.graphicsenv" value="sun.awt.Win32GraphicsEnvironment" />
    <property name="java.ext.dirs" value="C:\Program Files\Java\jre6\lib\ext;C:\Windows\Sun\Java\lib\ext" />
    <property name="user.dir" value="C:\Users\Ron\Desktop\TripleA Workspace\triplea" />
    <property name="line.separator" value="
" />
    <property name="java.vm.name" value="Java HotSpot(TM) 64-Bit Server VM" />
    <property name="basedir" value="C:\Users\Ron\Desktop\TripleA Workspace\triplea" />
    <property name="ant.java.version" value="1.6" />
    <property name="ant.core.lib" value="C:\Users\AMENTRA-R84A27L\eclipse-3.6\plugins\org.apache.ant_1.7.1.v20100518-1145\lib\ant.jar" />
    <property name="file.encoding" value="Cp1252" />
    <property name="java.specification.version" value="1.6" />
  </properties>
  <testcase classname="games.strategy.triplea.delegate.MoveDelegateTest" name="testNotUnique" time="0.581" />
  <testcase classname="games.strategy.triplea.delegate.MoveDelegateTest" name="testNotEnoughUnits" time="0.22" />
  <testcase classname="games.strategy.triplea.delegate.MoveDelegateTest" name="testCantMoveEnemy" time="0.128" />
  <testcase classname="games.strategy.triplea.delegate.MoveDelegateTest" name="testSimpleMove" time="0.135" />
  <testcase classname="games.strategy.triplea.delegate.MoveDelegateTest" name="testSimpleMoveLength2" time="0.087" />
  <testcase classname="games.strategy.triplea.delegate.MoveDelegateTest" name="testCanReturnToCarrier" time="0.106" />
  <testcase classname="games.strategy.triplea.delegate.MoveDelegateTest" name="testLandOnCarrier" time="0.127" />
  <testcase classname="games.strategy.triplea.delegate.MoveDelegateTest" name="testCantLandWithNoCarrier" time="0.129" />
  <testcase classname="games.strategy.triplea.delegate.MoveDelegateTest" name="testNotEnoughCarrierCapacity" time="0.128" />
  <testcase classname="games.strategy.triplea.delegate.MoveDelegateTest" name="testLandMoveToWaterWithNoTransports" time="0.145" />
  <testcase classname="games.strategy.triplea.delegate.MoveDelegateTest" name="testSeaMove" time="0.096" />
  <testcase classname="games.strategy.triplea.delegate.MoveDelegateTest" name="testSeaCantMoveToLand" time="0.077" />
  <testcase classname="games.strategy.triplea.delegate.MoveDelegateTest" name="testLandMoveToWaterWithTransportsFull" time="0.066" />
  <testcase classname="games.strategy.triplea.delegate.MoveDelegateTest" name="testAirCanFlyOverWater" time="0.087" />
  <testcase classname="games.strategy.triplea.delegate.MoveDelegateTest" name="testLandMoveToWaterWithTransportsEmpty" time="0.075" />
  <testcase classname="games.strategy.triplea.delegate.MoveDelegateTest" name="testBlitzWithArmour" time="0.095" />
  <testcase classname="games.strategy.triplea.delegate.MoveDelegateTest" name="testCant2StepBlitzWithNonBlitzingUnits" time="0.078" />
  <testcase classname="games.strategy.triplea.delegate.MoveDelegateTest" name="testCantBlitzNuetral" time="0.079" />
  <testcase classname="games.strategy.triplea.delegate.MoveDelegateTest" name="testOverrunNeutral" time="0.079" />
  <testcase classname="games.strategy.triplea.delegate.MoveDelegateTest" name="testAirCanOverFlyEnemy" time="0.086" />
  <testcase classname="games.strategy.triplea.delegate.MoveDelegateTest" name="testOverrunNeutralMustStop" time="0.073" />
  <testcase classname="games.strategy.triplea.delegate.MoveDelegateTest" name="testmultipleMovesExceedingMovementLimit" time="0.053" />
  <testcase classname="games.strategy.triplea.delegate.MoveDelegateTest" name="testMovingUnitsWithMostMovement" time="0.051" />
  <testcase classname="games.strategy.triplea.delegate.MoveDelegateTest" name="testTransportsMustStayWithUnits" time="0.054" />
  <testcase classname="games.strategy.triplea.delegate.MoveDelegateTest" name="testUnitsStayWithTransports" time="0.144" />
  <testcase classname="games.strategy.triplea.delegate.MoveDelegateTest" name="testUnload" time="0.049" />
  <testcase classname="games.strategy.triplea.delegate.MoveDelegateTest" name="testTransportCantLoadUnloadAfterBattle" time="0.062" />
  <testcase classname="games.strategy.triplea.delegate.MoveDelegateTest" name="testLoadUnloadLoadMoveTransports" time="0.089" />
  <testcase classname="games.strategy.triplea.delegate.MoveDelegateTest" name="testUnloadedCantMove" time="0.053" />
  <testcase classname="games.strategy.triplea.delegate.MoveDelegateTest" name="testUnloadingTransportsCantMove" time="0.055" />
  <testcase classname="games.strategy.triplea.delegate.MoveDelegateTest" name="testTransportsCanSplit" time="0.047" />
  <testcase classname="games.strategy.triplea.delegate.MoveDelegateTest" name="testUseTransportsWithLowestMovement" time="0.047" />
  <testcase classname="games.strategy.triplea.delegate.MoveDelegateTest" name="testCanOverrunNeutralWithoutFunds" time="0.046" />
  <testcase classname="games.strategy.triplea.delegate.MoveDelegateTest" name="testAirViolateNeutrality" time="0.047" />
  <testcase classname="games.strategy.triplea.delegate.MoveDelegateTest" name="testNeutralConquered" time="0.046" />
  <testcase classname="games.strategy.triplea.delegate.MoveDelegateTest" name="testMoveTransportsTwice" time="0.046" />
  <testcase classname="games.strategy.triplea.delegate.MoveDelegateTest" name="testCantMoveThroughConqueredNeutral" time="0.05" />
  <testcase classname="games.strategy.triplea.delegate.MoveDelegateTest" name="testCanBlitzThroughConqueredEnemy" time="0.042" />
  <testcase classname="games.strategy.triplea.delegate.MoveDelegateTest" name="testAirCantLandInConquered" time="0.045" />
  <testcase classname="games.strategy.triplea.delegate.MoveDelegateTest" name="testMoveAndTransportUnload" time="0.042" />
  <testcase classname="games.strategy.triplea.delegate.MoveDelegateTest" name="testTakeOverAfterOverFlight" time="0.037" />
  <testcase classname="games.strategy.triplea.delegate.MoveDelegateTest" name="testBattleAdded" time="0.038" />
  <testcase classname="games.strategy.triplea.delegate.MoveDelegateTest" name="testLargeMove" time="0.047" />
  <testcase classname="games.strategy.triplea.delegate.MoveDelegateTest" name="testAmphibiousAssaultAfterNavalBattle" time="0.041" />
  <testcase classname="games.strategy.triplea.delegate.MoveDelegateTest" name="testReloadTransportAfterRetreatAmphibious" time="0.044" />
  <testcase classname="games.strategy.triplea.delegate.MoveDelegateTest" name="testReloadTransportAfterDyingAmphibious" time="0.039" />
  <testcase classname="games.strategy.triplea.delegate.MoveDelegateTest" name="testReloadTransportAfterRetreatAllied" time="0.045" />
  <testcase classname="games.strategy.triplea.delegate.MoveDelegateTest" name="testReloadTransportAfterDyingAllied" time="0.039" />
  <testcase classname="games.strategy.triplea.delegate.MoveDelegateTest" name="testAirToWater" time="0.037" />
  <testcase classname="games.strategy.triplea.delegate.MoveDelegateTest" name="testNonCombatAttack" time="0.032" />
  <testcase classname="games.strategy.triplea.delegate.MoveDelegateTest" name="testNonCombatAttackNeutral" time="0.032" />
  <testcase classname="games.strategy.triplea.delegate.MoveDelegateTest" name="testNonCombatMoveToConquered" time="0.031" />
  <testcase classname="games.strategy.triplea.delegate.MoveDelegateTest" name="testAACantMoveToConquered" time="0.031" />
  <testcase classname="games.strategy.triplea.delegate.MoveDelegateTest" name="testBlitzConqueredNeutralInTwoSteps" time="0.027" />
  <testcase classname="games.strategy.triplea.delegate.MoveDelegateTest" name="testBlitzFactory" time="0.073" />
  <testcase classname="games.strategy.triplea.delegate.MoveDelegateTest" name="testAirCanLandOnLand" time="0.029" />
  <testcase classname="games.strategy.triplea.delegate.MoveDelegateTest" name="testAirDifferingRouts" time="0.034" />
  <testcase classname="games.strategy.triplea.delegate.MoveDelegateTest" name="testRoute" time="0.028" />
  <testcase classname="games.strategy.triplea.delegate.MoveDelegateTest" name="testTest" time="0.027" />
  <system-out><![CDATA[]]></system-out>
  <system-err><![CDATA[]]></system-err>
</testsuite>
